<?xml version="1.0" encoding="UTF-8"?>
<testsuites name="jest tests" tests="1" failures="0" time="9.79">
  <testsuite name="./test_result.xml" errors="0" failures="0" skipped="0" timestamp="2020-05-23T22:29:22" time="3.504" tests="1">
    <testcase classname="Logo is a Vue instance" name="Logo is a Vue instance" time="0.015">
    </testcase>
  </testsuite>
</testsuites>